app/build/outputs/logs/manifest-merger-release-report.txt
-- Merging decision tree log ---
manifest
ADDED from src\main\AndroidManifest.xml:2:1-133:12
	package
		ADDED from src\main\AndroidManifest.xml:3:5-29
		INJECTED from src\main\AndroidManifest.xml
		INJECTED from src\main\AndroidManifest.xml
	android:versionName
		ADDED from src\main\AndroidManifest.xml:5:5-30
		INJECTED from src\main\AndroidManifest.xml
		INJECTED from src\main\AndroidManifest.xml
	android:versionCode
		ADDED from src\main\AndroidManifest.xml:4:5-28
		INJECTED from src\main\AndroidManifest.xml
		INJECTED from src\main\AndroidManifest.xml
	xmlns:android
		ADDED from src\main\AndroidManifest.xml:2:11-69
uses-sdk
ADDED from src\main\AndroidManifest.xml:7:5-9:41
	android:targetSdkVersion
		ADDED from src\main\AndroidManifest.xml:9:9-38
		INJECTED from src\main\AndroidManifest.xml
		INJECTED from src\main\AndroidManifest.xml
	android:minSdkVersion
		ADDED from src\main\AndroidManifest.xml:8:9-35
		INJECTED from src\main\AndroidManifest.xml
		INJECTED from src\main\AndroidManifest.xml
uses-feature#android.hardware.nfc
ADDED from src\main\AndroidManifest.xml:11:5-13:35
	android:required
		ADDED from src\main\AndroidManifest.xml:13:9-32
	android:name
		ADDED from src\main\AndroidManifest.xml:12:9-44
uses-permission#android.permission.NFC
ADDED from src\main\AndroidManifest.xml:16:5-62
	android:name
		ADDED from src\main\AndroidManifest.xml:16:22-59
uses-permission#android.permission.ACCESS_NETWORK_STATE
ADDED from src\main\AndroidManifest.xml:18:5-79
	android:name
		ADDED from src\main\AndroidManifest.xml:18:22-76
uses-permission#android.permission.INTERNET
ADDED from src\main\AndroidManifest.xml:20:5-67
	android:name
		ADDED from src\main\AndroidManifest.xml:20:22-64
uses-permission#android.permission.READ_EXTERNAL_STORAGE
ADDED from src\main\AndroidManifest.xml:21:5-80
	android:name
		ADDED from src\main\AndroidManifest.xml:21:22-77
uses-permission#android.permission.WRITE_EXTERNAL_STORAGE
ADDED from src\main\AndroidManifest.xml:22:5-81
	android:name
		ADDED from src\main\AndroidManifest.xml:22:22-78
uses-permission#android.permission.ACCESS_WIFI_STATE
ADDED from src\main\AndroidManifest.xml:23:5-76
	android:name
		ADDED from src\main\AndroidManifest.xml:23:22-73
uses-permission#android.permission.READ_PHONE_STATE
ADDED from src\main\AndroidManifest.xml:24:5-75
	android:name
		ADDED from src\main\AndroidManifest.xml:24:22-72
application
ADDED from src\main\AndroidManifest.xml:30:5-131:19
	android:label
		ADDED from src\main\AndroidManifest.xml:34:9-41
	android:allowBackup
		ADDED from src\main\AndroidManifest.xml:32:9-35
	android:icon
		ADDED from src\main\AndroidManifest.xml:33:9-45
	android:theme
		ADDED from src\main\AndroidManifest.xml:35:9-40
	android:name
		ADDED from src\main\AndroidManifest.xml:31:9-46
activity#com.sdhy.cpucardoper.activity.FirstActivity
ADDED from src\main\AndroidManifest.xml:36:9-40:20
	android:label
		ADDED from src\main\AndroidManifest.xml:38:13-45
	android:name
		ADDED from src\main\AndroidManifest.xml:37:13-71
activity#com.sdhy.cpucardoper.activity.MainActivity1
ADDED from src\main\AndroidManifest.xml:42:9-46:20
	android:label
		ADDED from src\main\AndroidManifest.xml:44:13-45
	android:name
		ADDED from src\main\AndroidManifest.xml:43:13-71
activity#com.sdhy.cpucardoper.activity.MainActivity
ADDED from src\main\AndroidManifest.xml:48:9-56:20
	android:label
		ADDED from src\main\AndroidManifest.xml:50:13-45
	android:name
		ADDED from src\main\AndroidManifest.xml:49:13-70
intent-filter#android.intent.action.MAIN+android.intent.category.LAUNCHER
ADDED from src\main\AndroidManifest.xml:51:13-55:29
action#android.intent.action.MAIN
ADDED from src\main\AndroidManifest.xml:52:17-69
	android:name
		ADDED from src\main\AndroidManifest.xml:52:25-66
category#android.intent.category.LAUNCHER
ADDED from src\main\AndroidManifest.xml:54:17-77
	android:name
		ADDED from src\main\AndroidManifest.xml:54:27-74
activity#com.sdhy.cpucardoper.activity.ReadActivity
ADDED from src\main\AndroidManifest.xml:65:9-75:20
	android:launchMode
		ADDED from src\main\AndroidManifest.xml:67:13-44
	android:name
		ADDED from src\main\AndroidManifest.xml:66:13-70
intent-filter#android.nfc.action.TECH_DISCOVERED
ADDED from src\main\AndroidManifest.xml:68:13-70:29
action#android.nfc.action.TECH_DISCOVERED
ADDED from src\main\AndroidManifest.xml:69:17-77
	android:name
		ADDED from src\main\AndroidManifest.xml:69:25-74
meta-data#android.nfc.action.TECH_DISCOVERED
ADDED from src\main\AndroidManifest.xml:72:13-74:59
	android:resource
		ADDED from src\main\AndroidManifest.xml:74:17-56
	android:name
		ADDED from src\main\AndroidManifest.xml:73:17-66
activity#com.sdhy.cpucardoper.activity.ChargeActivity
ADDED from src\main\AndroidManifest.xml:77:9-83:20
	android:name
		ADDED from src\main\AndroidManifest.xml:77:19-78
intent-filter#android.intent.category.DEFAULT+comccbpay105475000000002HeZeBusPay
ADDED from src\main\AndroidManifest.xml:78:13-82:29
action#comccbpay105475000000002HeZeBusPay
ADDED from src\main\AndroidManifest.xml:79:17-77
	android:name
		ADDED from src\main\AndroidManifest.xml:79:25-74
category#android.intent.category.DEFAULT
ADDED from src\main\AndroidManifest.xml:81:17-76
	android:name
		ADDED from src\main\AndroidManifest.xml:81:27-73
activity#com.sdhy.cpucardoper.activity.ActivityCardCharge
ADDED from src\main\AndroidManifest.xml:84:9-85:20
	android:name
		ADDED from src\main\AndroidManifest.xml:84:19-82
activity#com.sdhy.cpucardoper.activity.CCBWebActivity
ADDED from src\main\AndroidManifest.xml:86:9-87:20
	android:name
		ADDED from src\main\AndroidManifest.xml:86:19-78
activity#com.sdhy.cpucardoper.activity.OnlineActivity
ADDED from src\main\AndroidManifest.xml:88:9-91:20
	android:label
		ADDED from src\main\AndroidManifest.xml:90:13-58
	android:name
		ADDED from src\main\AndroidManifest.xml:89:13-72
activity#com.alipay.sdk.pay.demo.H5PayDemoActivity
ADDED from src\main\AndroidManifest.xml:92:9-97:20
	android:screenOrientation
		ADDED from src\main\AndroidManifest.xml:96:13-47
	android:exported
		ADDED from src\main\AndroidManifest.xml:95:13-37
	android:configChanges
		ADDED from src\main\AndroidManifest.xml:94:13-74
	android:name
		ADDED from src\main\AndroidManifest.xml:93:13-69
activity#com.alipay.sdk.app.H5PayActivity
ADDED from src\main\AndroidManifest.xml:101:9-107:20
	android:screenOrientation
		ADDED from src\main\AndroidManifest.xml:105:13-47
	android:exported
		ADDED from src\main\AndroidManifest.xml:104:13-37
	android:windowSoftInputMode
		ADDED from src\main\AndroidManifest.xml:106:13-67
	android:configChanges
		ADDED from src\main\AndroidManifest.xml:103:13-85
	android:name
		ADDED from src\main\AndroidManifest.xml:102:13-60
activity#com.alipay.sdk.app.H5AuthActivity
ADDED from src\main\AndroidManifest.xml:108:9-114:20
	android:screenOrientation
		ADDED from src\main\AndroidManifest.xml:112:13-47
	android:exported
		ADDED from src\main\AndroidManifest.xml:111:13-37
	android:windowSoftInputMode
		ADDED from src\main\AndroidManifest.xml:113:13-67
	android:configChanges
		ADDED from src\main\AndroidManifest.xml:110:13-74
	android:name
		ADDED from src\main\AndroidManifest.xml:109:13-61
activity#com.sdhy.cpucardoper.activity.AboutActivity
ADDED from src\main\AndroidManifest.xml:115:9-118:20
	android:label
		ADDED from src\main\AndroidManifest.xml:117:13-57
	android:name
		ADDED from src\main\AndroidManifest.xml:116:13-71
activity#com.sdhy.cpucardoper.activity.OrderActivity
ADDED from src\main\AndroidManifest.xml:119:9-122:20
	android:label
		ADDED from src\main\AndroidManifest.xml:121:13-57
	android:name
		ADDED from src\main\AndroidManifest.xml:120:13-71
activity#com.sdhy.cpucardoper.activity.PhonenuberActivity
ADDED from src\main\AndroidManifest.xml:123:9-126:20
	android:label
		ADDED from src\main\AndroidManifest.xml:125:13-62
	android:name
		ADDED from src\main\AndroidManifest.xml:124:13-76
activity#com.sdhy.cpucardoper.activity.OrderActivitynew
ADDED from src\main\AndroidManifest.xml:127:9-130:20
	android:label
		ADDED from src\main\AndroidManifest.xml:129:13-69
	android:name
		ADDED from src\main\AndroidManifest.xml:128:13-74